#
# A fatal error has been detected by the Java Runtime Environment:
#
#  EXCEPTION_ACCESS_VIOLATION (0xc0000005) at pc=0x00007ffe141d75f7, pid=7244, tid=16324
#
# JRE version: Java(TM) SE Runtime Environment (13.0.2+8) (build 13.0.2+8)
# Java VM: Java HotSpot(TM) 64-Bit Server VM (13.0.2+8, mixed mode, sharing, tiered, compressed oops, g1 gc, windows-amd64)
# Problematic frame:
# V  [jvm.dll+0x5275f7]
#
# No core dump will be written. Minidumps are not enabled by default on client versions of Windows
#
# If you would like to submit a bug report, please visit:
#   http://bugreport.java.com/bugreport/crash.jsp
#

---------------  S U M M A R Y ------------

Command Line: -Dfile.encoding=Cp1250 fr.isae.mae.ss.Ellipsoids

Host: Intel(R) Core(TM) i7-4720HQ CPU @ 2.60GHz, 8 cores, 7G,  Windows 10 , 64 bit Build 18362 (10.0.18362.329)
Time: Sat Mar  7 20:26:04 2020 Europa Zachodnia (czas stand.) elapsed time: 150 seconds (0d 0h 2m 30s)

---------------  T H R E A D  ---------------

Current thread (0x000002057a1ed000):  JavaThread "AWT-EventQueue-0" [_thread_in_vm, id=16324, stack(0x000000fd09a00000,0x000000fd09b00000)]

Stack: [0x000000fd09a00000,0x000000fd09b00000],  sp=0x000000fd09afe820,  free space=1018k
Native frames: (J=compiled Java code, j=interpreted, Vv=VM code, C=native code)
V  [jvm.dll+0x5275f7]
V  [jvm.dll+0x37a1b7]
V  [jvm.dll+0x3796ff]
C  0x000002056180df98

Java frames: (J=compiled Java code, j=interpreted, Vv=VM code)
j  javax.media.opengl.awt.GLCanvas.setGLEventListenerInitState(Ljavax/media/opengl/GLEventListener;Z)V+6
j  java.awt.DefaultKeyboardFocusManager.dispatchEvent(Ljava/awt/AWTEvent;)Z+1455 java.desktop@13.0.2
j  java.awt.Component.dispatchEventImpl(Ljava/awt/AWTEvent;)V+131 java.desktop@13.0.2
J 8576 c2 java.awt.Container.dispatchEventImpl(Ljava/awt/AWTEvent;)V java.desktop@13.0.2 (129 bytes) @ 0x0000020569a1f320 [0x0000020569a1ea60+0x00000000000008c0]
J 6877 c1 java.awt.Window.dispatchEventImpl(Ljava/awt/AWTEvent;)V java.desktop@13.0.2 (23 bytes) @ 0x000002056237ee0c [0x000002056237e7a0+0x000000000000066c]
J 7363 c2 java.awt.EventQueue.dispatchEventImpl(Ljava/awt/AWTEvent;Ljava/lang/Object;)V java.desktop@13.0.2 (136 bytes) @ 0x000002056982271c [0x0000020569822260+0x00000000000004bc]
J 7727 c2 java.awt.EventQueue$4.run()Ljava/lang/Object; java.desktop@13.0.2 (5 bytes) @ 0x00000205696507fc [0x00000205696507a0+0x000000000000005c]
J 7188 c2 java.awt.EventQueue.dispatchEvent(Ljava/awt/AWTEvent;)V java.desktop@13.0.2 (80 bytes) @ 0x00000205697dea28 [0x00000205697de480+0x00000000000005a8]
j  java.awt.SequencedEvent.dispatch()V+150 java.desktop@13.0.2
j  java.awt.EventQueue.dispatchEventImpl(Ljava/awt/AWTEvent;Ljava/lang/Object;)V+21 java.desktop@13.0.2
J 7727 c2 java.awt.EventQueue$4.run()Ljava/lang/Object; java.desktop@13.0.2 (5 bytes) @ 0x00000205696507fc [0x00000205696507a0+0x000000000000005c]
J 7188 c2 java.awt.EventQueue.dispatchEvent(Ljava/awt/AWTEvent;)V java.desktop@13.0.2 (80 bytes) @ 0x00000205697dea28 [0x00000205697de480+0x00000000000005a8]
J 7295 c2 java.awt.EventDispatchThread.pumpOneEventForFilters(I)V java.desktop@13.0.2 (113 bytes) @ 0x00000205697fc204 [0x00000205697fb940+0x00000000000008c4]
j  java.awt.EventDispatchThread.pumpEventsForFilter(ILjava/awt/Conditional;Ljava/awt/EventFilter;)V+35 java.desktop@13.0.2
j  java.awt.EventDispatchThread.pumpEventsForHierarchy(ILjava/awt/Conditional;Ljava/awt/Component;)V+11 java.desktop@13.0.2
j  java.awt.EventDispatchThread.pumpEvents(ILjava/awt/Conditional;)V+4 java.desktop@13.0.2
j  java.awt.EventDispatchThread.pumpEvents(Ljava/awt/Conditional;)V+3 java.desktop@13.0.2
j  java.awt.EventDispatchThread.run()V+9 java.desktop@13.0.2
v  ~StubRoutines::call_stub

siginfo: EXCEPTION_ACCESS_VIOLATION (0xc0000005), reading address 0x0000000041311932


Register to memory mapping:

RIP=0x00007ffe141d75f7 jvm.dll
RAX=0x000000fd09afe8d0 is pointing into the stack for thread: 0x000002057a1ed000
RBX=0x000002057a0cf668 points into unknown readable memory: 2a 19 31 41 00 00 00 00
RCX=0x000000fd09afe7f0 is pointing into the stack for thread: 0x000002057a1ed000
RDX=0x000000fd09afe7f0 is pointing into the stack for thread: 0x000002057a1ed000
RSP=0x000000fd09afe820 is pointing into the stack for thread: 0x000002057a1ed000
RBP=0x000000fd09afe920 is pointing into the stack for thread: 0x000002057a1ed000
RSI=0x000000fd09afeae0 is pointing into the stack for thread: 0x000002057a1ed000
RDI=0x000000004131192a is an unknown value
R8 =0x00000000000000df is an unknown value
R9 =0x0000020578907d40 is pointing into metadata
R10=0x00000205788e3500 is pointing into metadata
R11=0x0 is NULL
R12=0x00000205792c1600 points into unknown readable memory: 00 00 00 00 00 00 00 00
R13=0x00000000000000b6 is an unknown value
R14=0x000002057a1ed000 is a thread
R15=0x0 is NULL


Registers:
RAX=0x000000fd09afe8d0, RBX=0x000002057a0cf668, RCX=0x000000fd09afe7f0, RDX=0x000000fd09afe7f0
RSP=0x000000fd09afe820, RBP=0x000000fd09afe920, RSI=0x000000fd09afeae0, RDI=0x000000004131192a
R8 =0x00000000000000df, R9 =0x0000020578907d40, R10=0x00000205788e3500, R11=0x0000000000000000
R12=0x00000205792c1600, R13=0x00000000000000b6, R14=0x000002057a1ed000, R15=0x0000000000000000
RIP=0x00007ffe141d75f7, EFLAGS=0x0000000000010202

Top of Stack: (sp=0x000000fd09afe820)
0x000000fd09afe820:   00000205787c000a 000002057a0cf668
0x000000fd09afe830:   000000fd09afe920 00000205788ebfa8
0x000000fd09afe840:   000002057a1ed000 00000205788ebfa8
0x000000fd09afe850:   000002057a1ed000 00000000839dae08
0x000000fd09afe860:   000002057a1ed000 00000000000000b6
0x000000fd09afe870:   00000205792c1600 0000000800bcc790
0x000000fd09afe880:   000000fd09afe990 00007ffe141d78af
0x000000fd09afe890:   000002057a0cf668 000000fd09afeb50
0x000000fd09afe8a0:   0000000000000000 00000000000000b6
0x000000fd09afe8b0:   0000000800bcc790 0000000082b8b401
0x000000fd09afe8c0:   000002057a1ed000 000002056998f1f4
0x000000fd09afe8d0:   00000205790ffe10 0000020579111fd0
0x000000fd09afe8e0:   0000000800c8d1f0 0000000800bcb860
0x000000fd09afe8f0:   0000000000000000 0000000000000000
0x000000fd09afe900:   000002057a1e0a01 00007ffe1435815b
0x000000fd09afe910:   000003a40000032f 868b47d800000321 

Instructions: (pc=0x00007ffe141d75f7)
0x00007ffe141d74f7:   ad ff 4c 89 b4 24 38 02 00 00 48 98 0f b6 84 01
0x00007ffe141d7507:   f0 78 52 00 8b 94 81 d4 78 52 00 48 03 d1 ff e2
0x00007ffe141d7517:   48 8b 9d 58 01 00 00 48 8d 8d e0 00 00 00 4c 8b
0x00007ffe141d7527:   cb 45 8b c2 49 8b d3 e8 fd d3 ff ff 48 83 7b 08
0x00007ffe141d7537:   00 75 15 4c 8b cb 48 8d 95 e0 00 00 00 41 b0 01
0x00007ffe141d7547:   48 8b ce e8 31 0c 00 00 48 8d 8d 00 01 00 00 e9
0x00007ffe141d7557:   4f 03 00 00 48 8b bd 58 01 00 00 48 8d 4c 24 78
0x00007ffe141d7567:   4c 8b cf 45 8b c2 49 8b d3 e8 bb d3 ff ff 48 83
0x00007ffe141d7577:   7f 08 00 75 3d 4c 8b c7 48 8d 54 24 78 48 8d 4c
0x00007ffe141d7587:   24 58 e8 52 e2 ff ff 48 83 7f 08 00 75 1a 4c 8b
0x00007ffe141d7597:   cb 48 89 7c 24 20 4c 8d 44 24 58 48 8b ce 48 8d
0x00007ffe141d75a7:   54 24 78 e8 01 15 00 00 48 8d 4c 24 58 e8 e7 ca
0x00007ffe141d75b7:   e1 ff 48 8d 4d 98 e9 e8 02 00 00 4c 8b b5 58 01
0x00007ffe141d75c7:   00 00 48 8d 4d b0 4d 8b ce 45 8b c2 49 8b d3 e8
0x00007ffe141d75d7:   55 d3 ff ff 49 83 7e 08 00 75 73 48 85 db 75 04
0x00007ffe141d75e7:   33 ff eb 25 80 3d cf 2c 55 00 00 48 8b 3b 74 15
0x00007ffe141d75f7:   8b 7f 08 8b 0d e0 d3 4c 00 48 d3 e7 48 03 3d ce
0x00007ffe141d7607:   d3 4c 00 eb 04 48 8b 7f 08 4d 8b c6 48 8d 55 b0
0x00007ffe141d7617:   48 8d 4c 24 68 e8 8f e7 ff ff 49 83 7e 08 00 75
0x00007ffe141d7627:   23 4c 8b 45 c0 48 8d 54 24 68 4c 89 74 24 30 4c
0x00007ffe141d7637:   8b cb c6 44 24 28 01 48 8b ce 48 89 7c 24 20 e8
0x00007ffe141d7647:   e5 19 00 00 48 8d 4c 24 68 e8 4b ca e1 ff 48 8d
0x00007ffe141d7657:   4d d0 e9 4c 02 00 00 48 8b 9d 58 01 00 00 48 8d
0x00007ffe141d7667:   4d e8 4c 8b cb 45 8b c2 49 8b d3 e8 b9 d2 ff ff
0x00007ffe141d7677:   48 83 7b 08 00 0f 85 a7 00 00 00 4c 8b 75 f8 4c
0x00007ffe141d7687:   8d 44 24 40 33 ff 48 8d 55 e8 4c 8b cb 48 89 7c
0x00007ffe141d7697:   24 40 48 8d 4c 24 48 e8 4d ec ff ff 48 39 7b 08
0x00007ffe141d76a7:   75 76 48 39 7c 24 48 75 22 4c 8d 0d 71 69 38 00
0x00007ffe141d76b7:   4c 8d 05 82 69 38 00 8d 57 69 48 8d 0d a8 69 38
0x00007ffe141d76c7:   00 e8 63 47 d2 ff e8 1e d4 0f 00 48 8d 4e 10 4c
0x00007ffe141d76d7:   89 36 48 8d 54 24 48 4c 89 76 08 e8 d9 c9 e1 ff
0x00007ffe141d76e7:   48 8d 4e 20 48 8d 54 24 48 e8 cb c9 e1 ff 48 8b 


Stack slot to memory mapping:
stack at sp + 0 slots: 0x00000205787c000a is pointing into metadata
stack at sp + 1 slots: 0x000002057a0cf668 points into unknown readable memory: 2a 19 31 41 00 00 00 00
stack at sp + 2 slots: 0x000000fd09afe920 is pointing into the stack for thread: 0x000002057a1ed000
stack at sp + 3 slots: {method} {0x00000205788ebfb0} 'setGLEventListenerInitState' '(Ljavax/media/opengl/GLEventListener;Z)V' in 'javax/media/opengl/awt/GLCanvas'
stack at sp + 4 slots: 0x000002057a1ed000 is a thread
stack at sp + 5 slots: {method} {0x00000205788ebfb0} 'setGLEventListenerInitState' '(Ljavax/media/opengl/GLEventListener;Z)V' in 'javax/media/opengl/awt/GLCanvas'
stack at sp + 6 slots: 0x000002057a1ed000 is a thread
stack at sp + 7 slots: 0x00000000839dae08 is an oop: javax.swing.JLabel 
{0x00000000839dae08} - klass: 'javax/swing/JLabel'


---------------  P R O C E S S  ---------------

Threads class SMR info:
_java_thread_list=0x00000205c78f9f40, length=31, elements={
0x000002057823e000, 0x0000020578241000, 0x000002057825d000, 0x000002057825e000,
0x000002057825f000, 0x0000020578265800, 0x0000020578279800, 0x0000020578cb7800,
0x0000020578ce2800, 0x000002057976d800, 0x000002057956f000, 0x000002057966f800,
0x000002057a1f0800, 0x000002057a1f1000, 0x000002057a1ee800, 0x000002057a1ed000,
0x000002057a2b0800, 0x000002057a2b1000, 0x000002057a2b2000, 0x000002057a2b2800,
0x000002057a2b3800, 0x000002057a2b4800, 0x000002057a2b5000, 0x000002057a2b7800,
0x000002057a2b9800, 0x000002057a2b6000, 0x000002057a2b8800, 0x000002057a2ba000,
0x000002057a2bb000, 0x000002057a2b7000, 0x000002057a2bb800
}

Java Threads: ( => current thread )
  0x000002057823e000 JavaThread "Reference Handler" daemon [_thread_blocked, id=15420, stack(0x000000fd07200000,0x000000fd07300000)]
  0x0000020578241000 JavaThread "Finalizer" daemon [_thread_blocked, id=12060, stack(0x000000fd07300000,0x000000fd07400000)]
  0x000002057825d000 JavaThread "Signal Dispatcher" daemon [_thread_blocked, id=15816, stack(0x000000fd07400000,0x000000fd07500000)]
  0x000002057825e000 JavaThread "Attach Listener" daemon [_thread_blocked, id=10580, stack(0x000000fd07500000,0x000000fd07600000)]
  0x000002057825f000 JavaThread "C2 CompilerThread0" daemon [_thread_blocked, id=11872, stack(0x000000fd07600000,0x000000fd07700000)]
  0x0000020578265800 JavaThread "C1 CompilerThread0" daemon [_thread_blocked, id=10108, stack(0x000000fd07700000,0x000000fd07800000)]
  0x0000020578279800 JavaThread "Sweeper thread" daemon [_thread_blocked, id=4904, stack(0x000000fd07800000,0x000000fd07900000)]
  0x0000020578cb7800 JavaThread "Service Thread" daemon [_thread_blocked, id=11184, stack(0x000000fd07900000,0x000000fd07a00000)]
  0x0000020578ce2800 JavaThread "Common-Cleaner" daemon [_thread_blocked, id=15084, stack(0x000000fd07b00000,0x000000fd07c00000)]
  0x000002057976d800 JavaThread "Java2D Disposer" daemon [_thread_blocked, id=5156, stack(0x000000fd07f00000,0x000000fd08000000)]
  0x000002057956f000 JavaThread "AWT-Windows" daemon [_thread_in_native, id=15680, stack(0x000000fd08100000,0x000000fd08200000)]
  0x000002057966f800 JavaThread "main-SharedResourceRunner" daemon [_thread_blocked, id=11220, stack(0x000000fd08200000,0x000000fd08300000)]
  0x000002057a1f0800 JavaThread "TimerQueue" daemon [_thread_blocked, id=10992, stack(0x000000fd09700000,0x000000fd09800000)]
  0x000002057a1f1000 JavaThread "Thread-11" daemon [_thread_blocked, id=4180, stack(0x000000fd09800000,0x000000fd09900000)]
  0x000002057a1ee800 JavaThread "AWT-Shutdown" [_thread_blocked, id=13692, stack(0x000000fd09900000,0x000000fd09a00000)]
=>0x000002057a1ed000 JavaThread "AWT-EventQueue-0" [_thread_in_vm, id=16324, stack(0x000000fd09a00000,0x000000fd09b00000)]
  0x000002057a2b0800 JavaThread "DestroyJavaVM" [_thread_blocked, id=13248, stack(0x000000fd06b00000,0x000000fd06c00000)]
  0x000002057a2b1000 JavaThread "Idle World Wind Task " daemon [_thread_blocked, id=11284, stack(0x000000fd09e00000,0x000000fd09f00000)]
  0x000002057a2b2000 JavaThread "Idle World Wind Task " daemon [_thread_blocked, id=10276, stack(0x000000fd09f00000,0x000000fd0a000000)]
  0x000002057a2b2800 JavaThread "Idle World Wind Task " daemon [_thread_blocked, id=14896, stack(0x000000fd0a000000,0x000000fd0a100000)]
  0x000002057a2b3800 JavaThread "Idle World Wind Task " daemon [_thread_blocked, id=4148, stack(0x000000fd0a100000,0x000000fd0a200000)]
  0x000002057a2b4800 JavaThread "Idle World Wind Task " daemon [_thread_blocked, id=5356, stack(0x000000fd0a300000,0x000000fd0a400000)]
  0x000002057a2b5000 JavaThread "Running World Wind Retriever: https://services.nationalmap.gov/arcgis/services/USGSNAIPPlus/MapServer/WmsServer?service=WMS&request=GetMap&version=1.3.0&crs=CRS:84&layers=1,5,9,13,17,21,25&styles=default,default,default,default,default,default,default&transparent=TRUE&format=image/png&width=512&height=512&bbox=-72.0,-18.0,-36.0,18.0" daemon [_thread_in_native, id=12592, stack(0x000000fd0a400000,0x000000fd0a500000)]
  0x000002057a2b7800 JavaThread "Running World Wind Retriever: https://services.nationalmap.gov/arcgis/services/USGSNAIPPlus/MapServer/WmsServer?service=WMS&request=GetMap&version=1.3.0&crs=CRS:84&layers=1,5,9,13,17,21,25&styles=default,default,default,default,default,default,default&transparent=TRUE&format=image/png&width=512&height=512&bbox=-72.0,18.0,-36.0,54.0" daemon [_thread_in_native, id=14636, stack(0x000000fd08700000,0x000000fd08800000)]
  0x000002057a2b9800 JavaThread "Idle World Wind Task " daemon [_thread_blocked, id=15396, stack(0x000000fd08600000,0x000000fd08700000)]
  0x000002057a2b6000 JavaThread "Idle World Wind Task " daemon [_thread_blocked, id=11040, stack(0x000000fd08800000,0x000000fd08900000)]
  0x000002057a2b8800 JavaThread "Idle World Wind Task " daemon [_thread_blocked, id=14732, stack(0x000000fd08900000,0x000000fd08a00000)]
  0x000002057a2ba000 JavaThread "Keep-Alive-SocketCleaner" daemon [_thread_blocked, id=5928, stack(0x000000fd09000000,0x000000fd09100000)]
  0x000002057a2bb000 JavaThread "Running World Wind Retriever: https://services.nationalmap.gov/arcgis/services/USGSNAIPPlus/MapServer/WmsServer?service=WMS&request=GetMap&version=1.3.0&crs=CRS:84&layers=1,5,9,13,17,21,25&styles=default,default,default,default,default,default,default&transparent=TRUE&format=image/png&width=512&height=512&bbox=-36.0,-18.0,0.0,18.0" daemon [_thread_in_native, id=7992, stack(0x000000fd09300000,0x000000fd09400000)]
  0x000002057a2b7000 JavaThread "Running World Wind Retriever: https://services.nationalmap.gov/arcgis/services/USGSNAIPPlus/MapServer/WmsServer?service=WMS&request=GetMap&version=1.3.0&crs=CRS:84&layers=1,5,9,13,17,21,25&styles=default,default,default,default,default,default,default&transparent=TRUE&format=image/png&width=512&height=512&bbox=-108.0,-18.0,-72.0,18.0" daemon [_thread_in_native, id=6140, stack(0x000000fd08f00000,0x000000fd09000000)]
  0x000002057a2bb800 JavaThread "Image Fetcher 0" daemon [_thread_blocked, id=10976, stack(0x000000fd06800000,0x000000fd06900000)]

Other Threads:
  0x000002057823d000 VMThread "VM Thread" [stack: 0x000000fd07100000,0x000000fd07200000] [id=15616]
  0x0000020578cd8800 WatcherThread [stack: 0x000000fd07a00000,0x000000fd07b00000] [id=12464]
  0x000002055933e000 GCTaskThread "GC Thread#0" [stack: 0x000000fd06c00000,0x000000fd06d00000] [id=6576]
  0x00000205790d8800 GCTaskThread "GC Thread#1" [stack: 0x000000fd07c00000,0x000000fd07d00000] [id=14964]
  0x00000205790db000 GCTaskThread "GC Thread#2" [stack: 0x000000fd07d00000,0x000000fd07e00000] [id=3452]
  0x000002057a0d3000 GCTaskThread "GC Thread#3" [stack: 0x000000fd08a00000,0x000000fd08b00000] [id=3216]
  0x0000020578ec6000 GCTaskThread "GC Thread#4" [stack: 0x000000fd08b00000,0x000000fd08c00000] [id=4848]
  0x0000020578ec6800 GCTaskThread "GC Thread#5" [stack: 0x000000fd08c00000,0x000000fd08d00000] [id=8040]
  0x0000020578eb6800 GCTaskThread "GC Thread#6" [stack: 0x000000fd08d00000,0x000000fd08e00000] [id=13968]
  0x0000020579fbd000 GCTaskThread "GC Thread#7" [stack: 0x000000fd08e00000,0x000000fd08f00000] [id=15048]
  0x0000020559351000 ConcurrentGCThread "G1 Main Marker" [stack: 0x000000fd06d00000,0x000000fd06e00000] [id=12992]
  0x0000020559352800 ConcurrentGCThread "G1 Conc#0" [stack: 0x000000fd06e00000,0x000000fd06f00000] [id=1540]
  0x0000020579d8e000 ConcurrentGCThread "G1 Conc#1" [stack: 0x000000fd09d00000,0x000000fd09e00000] [id=8536]
  0x00000205780b2800 ConcurrentGCThread "G1 Refine#0" [stack: 0x000000fd06f00000,0x000000fd07000000] [id=15444]
  0x00000205780b4800 ConcurrentGCThread "G1 Young RemSet Sampling" [stack: 0x000000fd07000000,0x000000fd07100000] [id=10084]

Threads with active compile tasks:

VM state:not at safepoint (normal execution)

VM Mutex/Monitor currently owned by a thread: None

Heap address: 0x0000000081a00000, size: 2022 MB, Compressed Oops mode: 32-bit
Narrow klass base: 0x0000000800000000, Narrow klass shift: 3
Compressed class space size: 1073741824 Address: 0x0000000800b40000

Heap:
 garbage-first heap   total 115712K, used 69486K [0x0000000081a00000, 0x0000000100000000)
  region size 1024K, 37 young (37888K), 1 survivors (1024K)
 Metaspace       used 35266K, capacity 35787K, committed 35840K, reserved 1081344K
  class space    used 3385K, capacity 3582K, committed 3584K, reserved 1048576K
Heap Regions: E=young(eden), S=young(survivor), O=old, HS=humongous(starts), HC=humongous(continues), CS=collection set, F=free, A=archive, TAMS=top-at-mark-start (previous, next)
|   0|0x0000000081a00000, 0x0000000081b00000, 0x0000000081b00000|100%| O|  |TAMS 0x0000000081b00000, 0x0000000081a00000| Untracked 
|   1|0x0000000081b00000, 0x0000000081c00000, 0x0000000081c00000|100%| O|  |TAMS 0x0000000081c00000, 0x0000000081b00000| Untracked 
|   2|0x0000000081c00000, 0x0000000081d00000, 0x0000000081d00000|100%| O|  |TAMS 0x0000000081d00000, 0x0000000081c00000| Untracked 
|   3|0x0000000081d00000, 0x0000000081e00000, 0x0000000081e00000|100%| O|  |TAMS 0x0000000081e00000, 0x0000000081d00000| Untracked 
|   4|0x0000000081e00000, 0x0000000081f00000, 0x0000000081f00000|100%|HS|  |TAMS 0x0000000081f00000, 0x0000000081e00000| Complete 
|   5|0x0000000081f00000, 0x0000000082000000, 0x0000000082000000|100%|HC|  |TAMS 0x0000000082000000, 0x0000000081f00000| Complete 
|   6|0x0000000082000000, 0x0000000082100000, 0x0000000082100000|100%|HC|  |TAMS 0x0000000082100000, 0x0000000082000000| Complete 
|   7|0x0000000082100000, 0x0000000082200000, 0x0000000082200000|100%|HC|  |TAMS 0x0000000082200000, 0x0000000082100000| Complete 
|   8|0x0000000082200000, 0x0000000082300000, 0x0000000082300000|100%|HC|  |TAMS 0x0000000082300000, 0x0000000082200000| Complete 
|   9|0x0000000082300000, 0x0000000082400000, 0x0000000082400000|100%| O|  |TAMS 0x0000000082400000, 0x0000000082300000| Untracked 
|  10|0x0000000082400000, 0x0000000082500000, 0x0000000082500000|100%| O|  |TAMS 0x0000000082500000, 0x0000000082400000| Untracked 
|  11|0x0000000082500000, 0x0000000082600000, 0x0000000082600000|100%| O|  |TAMS 0x0000000082600000, 0x0000000082500000| Untracked 
|  12|0x0000000082600000, 0x0000000082700000, 0x0000000082700000|100%| O|  |TAMS 0x0000000082700000, 0x0000000082600000| Untracked 
|  13|0x0000000082700000, 0x0000000082800000, 0x0000000082800000|100%| O|  |TAMS 0x0000000082800000, 0x0000000082700000| Untracked 
|  14|0x0000000082800000, 0x0000000082900000, 0x0000000082900000|100%| O|  |TAMS 0x0000000082900000, 0x0000000082800000| Untracked 
|  15|0x0000000082900000, 0x0000000082a00000, 0x0000000082a00000|100%| O|  |TAMS 0x0000000082a00000, 0x0000000082900000| Untracked 
|  16|0x0000000082a00000, 0x0000000082b00000, 0x0000000082b00000|100%| O|  |TAMS 0x0000000082b00000, 0x0000000082a00000| Untracked 
|  17|0x0000000082b00000, 0x0000000082c00000, 0x0000000082c00000|100%| O|  |TAMS 0x0000000082c00000, 0x0000000082b00000| Untracked 
|  18|0x0000000082c00000, 0x0000000082d00000, 0x0000000082d00000|100%| O|  |TAMS 0x0000000082d00000, 0x0000000082c00000| Untracked 
|  19|0x0000000082d00000, 0x0000000082e00000, 0x0000000082e00000|100%| O|  |TAMS 0x0000000082e00000, 0x0000000082d00000| Untracked 
|  20|0x0000000082e00000, 0x0000000082f00000, 0x0000000082f00000|100%| O|  |TAMS 0x0000000082f00000, 0x0000000082e00000| Untracked 
|  21|0x0000000082f00000, 0x0000000082f00000, 0x0000000083000000|  0%| F|  |TAMS 0x0000000082f00000, 0x0000000082f00000| Untracked 
|  22|0x0000000083000000, 0x0000000083000000, 0x0000000083100000|  0%| F|  |TAMS 0x0000000083000000, 0x0000000083000000| Untracked 
|  23|0x0000000083100000, 0x0000000083100000, 0x0000000083200000|  0%| F|  |TAMS 0x0000000083100000, 0x0000000083100000| Untracked 
|  24|0x0000000083200000, 0x0000000083200000, 0x0000000083300000|  0%| F|  |TAMS 0x0000000083200000, 0x0000000083200000| Untracked 
|  25|0x0000000083300000, 0x0000000083300000, 0x0000000083400000|  0%| F|  |TAMS 0x0000000083300000, 0x0000000083300000| Untracked 
|  26|0x0000000083400000, 0x0000000083400000, 0x0000000083500000|  0%| F|  |TAMS 0x0000000083400000, 0x0000000083400000| Untracked 
|  27|0x0000000083500000, 0x0000000083600000, 0x0000000083600000|100%| O|  |TAMS 0x0000000083600000, 0x0000000083500000| Untracked 
|  28|0x0000000083600000, 0x0000000083700000, 0x0000000083700000|100%| O|  |TAMS 0x0000000083700000, 0x0000000083600000| Untracked 
|  29|0x0000000083700000, 0x0000000083800000, 0x0000000083800000|100%| O|  |TAMS 0x0000000083800000, 0x0000000083700000| Untracked 
|  30|0x0000000083800000, 0x0000000083900000, 0x0000000083900000|100%| O|  |TAMS 0x0000000083900000, 0x0000000083800000| Untracked 
|  31|0x0000000083900000, 0x0000000083a00000, 0x0000000083a00000|100%| O|  |TAMS 0x0000000083a00000, 0x0000000083900000| Untracked 
|  32|0x0000000083a00000, 0x0000000083a00000, 0x0000000083b00000|  0%| F|  |TAMS 0x0000000083a00000, 0x0000000083a00000| Untracked 
|  33|0x0000000083b00000, 0x0000000083b00000, 0x0000000083c00000|  0%| F|  |TAMS 0x0000000083b00000, 0x0000000083b00000| Untracked 
|  34|0x0000000083c00000, 0x0000000083c00000, 0x0000000083d00000|  0%| F|  |TAMS 0x0000000083c00000, 0x0000000083c00000| Untracked 
|  35|0x0000000083d00000, 0x0000000083d00000, 0x0000000083e00000|  0%| F|  |TAMS 0x0000000083d00000, 0x0000000083d00000| Untracked 
|  36|0x0000000083e00000, 0x0000000083f00000, 0x0000000083f00000|100%| O|  |TAMS 0x0000000083f00000, 0x0000000083e00000| Untracked 
|  37|0x0000000083f00000, 0x0000000084000000, 0x0000000084000000|100%| O|  |TAMS 0x0000000084000000, 0x0000000083f00000| Untracked 
|  38|0x0000000084000000, 0x0000000084100000, 0x0000000084100000|100%| O|  |TAMS 0x0000000084100000, 0x0000000084000000| Untracked 
|  39|0x0000000084100000, 0x0000000084200000, 0x0000000084200000|100%| O|  |TAMS 0x0000000084200000, 0x0000000084100000| Untracked 
|  40|0x0000000084200000, 0x0000000084300000, 0x0000000084300000|100%| O|  |TAMS 0x0000000084300000, 0x0000000084200000| Untracked 
|  41|0x0000000084300000, 0x0000000084400000, 0x0000000084400000|100%| O|  |TAMS 0x0000000084400000, 0x0000000084300000| Untracked 
|  42|0x0000000084400000, 0x0000000084497000, 0x0000000084500000| 58%| O|  |TAMS 0x0000000084488a00, 0x0000000084400000| Untracked 
|  43|0x0000000084500000, 0x0000000084500000, 0x0000000084600000|  0%| F|  |TAMS 0x0000000084500000, 0x0000000084500000| Untracked 
|  44|0x0000000084600000, 0x0000000084600000, 0x0000000084700000|  0%| F|  |TAMS 0x0000000084600000, 0x0000000084600000| Untracked 
|  45|0x0000000084700000, 0x0000000084700000, 0x0000000084800000|  0%| F|  |TAMS 0x0000000084700000, 0x0000000084700000| Untracked 
|  46|0x0000000084800000, 0x0000000084800000, 0x0000000084900000|  0%| F|  |TAMS 0x0000000084800000, 0x0000000084800000| Untracked 
|  47|0x0000000084900000, 0x0000000084900000, 0x0000000084a00000|  0%| F|  |TAMS 0x0000000084900000, 0x0000000084900000| Untracked 
|  48|0x0000000084a00000, 0x0000000084a00000, 0x0000000084b00000|  0%| F|  |TAMS 0x0000000084a00000, 0x0000000084a00000| Untracked 
|  49|0x0000000084b00000, 0x0000000084b00000, 0x0000000084c00000|  0%| F|  |TAMS 0x0000000084b00000, 0x0000000084b00000| Untracked 
|  50|0x0000000084c00000, 0x0000000084c00000, 0x0000000084d00000|  0%| F|  |TAMS 0x0000000084c00000, 0x0000000084c00000| Untracked 
|  51|0x0000000084d00000, 0x0000000084d44850, 0x0000000084e00000| 26%| S|CS|TAMS 0x0000000084d00000, 0x0000000084d00000| Complete 
|  52|0x0000000084e00000, 0x0000000084e00000, 0x0000000084f00000|  0%| F|  |TAMS 0x0000000084e00000, 0x0000000084e00000| Untracked 
|  53|0x0000000084f00000, 0x0000000084f00000, 0x0000000085000000|  0%| F|  |TAMS 0x0000000084f00000, 0x0000000084f00000| Untracked 
|  54|0x0000000085000000, 0x0000000085000000, 0x0000000085100000|  0%| F|  |TAMS 0x0000000085000000, 0x0000000085000000| Untracked 
|  55|0x0000000085100000, 0x0000000085100000, 0x0000000085200000|  0%| F|  |TAMS 0x0000000085100000, 0x0000000085100000| Untracked 
|  56|0x0000000085200000, 0x0000000085200000, 0x0000000085300000|  0%| F|  |TAMS 0x0000000085200000, 0x0000000085200000| Untracked 
|  57|0x0000000085300000, 0x0000000085300000, 0x0000000085400000|  0%| F|  |TAMS 0x0000000085300000, 0x0000000085300000| Untracked 
|  58|0x0000000085400000, 0x0000000085400000, 0x0000000085500000|  0%| F|  |TAMS 0x0000000085400000, 0x0000000085400000| Untracked 
|  59|0x0000000085500000, 0x0000000085500000, 0x0000000085600000|  0%| F|  |TAMS 0x0000000085500000, 0x0000000085500000| Untracked 
|  60|0x0000000085600000, 0x0000000085600000, 0x0000000085700000|  0%| F|  |TAMS 0x0000000085600000, 0x0000000085600000| Untracked 
|  61|0x0000000085700000, 0x0000000085700000, 0x0000000085800000|  0%| F|  |TAMS 0x0000000085700000, 0x0000000085700000| Untracked 
|  62|0x0000000085800000, 0x0000000085800000, 0x0000000085900000|  0%| F|  |TAMS 0x0000000085800000, 0x0000000085800000| Untracked 
|  63|0x0000000085900000, 0x0000000085900000, 0x0000000085a00000|  0%| F|  |TAMS 0x0000000085900000, 0x0000000085900000| Untracked 
|  64|0x0000000085a00000, 0x0000000085a00000, 0x0000000085b00000|  0%| F|  |TAMS 0x0000000085a00000, 0x0000000085a00000| Untracked 
|  65|0x0000000085b00000, 0x0000000085b00000, 0x0000000085c00000|  0%| F|  |TAMS 0x0000000085b00000, 0x0000000085b00000| Untracked 
|  66|0x0000000085c00000, 0x0000000085c00000, 0x0000000085d00000|  0%| F|  |TAMS 0x0000000085c00000, 0x0000000085c00000| Untracked 
|  67|0x0000000085d00000, 0x0000000085d00000, 0x0000000085e00000|  0%| F|  |TAMS 0x0000000085d00000, 0x0000000085d00000| Untracked 
|  68|0x0000000085e00000, 0x0000000085e00000, 0x0000000085f00000|  0%| F|  |TAMS 0x0000000085e00000, 0x0000000085e00000| Untracked 
|  69|0x0000000085f00000, 0x0000000085f00000, 0x0000000086000000|  0%| F|  |TAMS 0x0000000085f00000, 0x0000000085f00000| Untracked 
|  70|0x0000000086000000, 0x0000000086000000, 0x0000000086100000|  0%| F|  |TAMS 0x0000000086000000, 0x0000000086000000| Untracked 
|  71|0x0000000086100000, 0x0000000086100000, 0x0000000086200000|  0%| F|  |TAMS 0x0000000086100000, 0x0000000086100000| Untracked 
|  72|0x0000000086200000, 0x0000000086200000, 0x0000000086300000|  0%| F|  |TAMS 0x0000000086200000, 0x0000000086200000| Untracked 
|  73|0x0000000086300000, 0x0000000086300000, 0x0000000086400000|  0%| F|  |TAMS 0x0000000086300000, 0x0000000086300000| Untracked 
|  74|0x0000000086400000, 0x0000000086400000, 0x0000000086500000|  0%| F|  |TAMS 0x0000000086400000, 0x0000000086400000| Untracked 
|  75|0x0000000086500000, 0x0000000086500000, 0x0000000086600000|  0%| F|  |TAMS 0x0000000086500000, 0x0000000086500000| Untracked 
|  76|0x0000000086600000, 0x0000000086600000, 0x0000000086700000|  0%| F|  |TAMS 0x0000000086600000, 0x0000000086600000| Untracked 
|  77|0x0000000086700000, 0x0000000086701f18, 0x0000000086800000|  0%| E|  |TAMS 0x0000000086700000, 0x0000000086700000| Complete 
|  78|0x0000000086800000, 0x0000000086900000, 0x0000000086900000|100%| E|CS|TAMS 0x0000000086800000, 0x0000000086800000| Complete 
|  79|0x0000000086900000, 0x0000000086a00000, 0x0000000086a00000|100%| E|CS|TAMS 0x0000000086900000, 0x0000000086900000| Complete 
|  80|0x0000000086a00000, 0x0000000086b00000, 0x0000000086b00000|100%| E|CS|TAMS 0x0000000086a00000, 0x0000000086a00000| Complete 
|  81|0x0000000086b00000, 0x0000000086c00000, 0x0000000086c00000|100%| E|CS|TAMS 0x0000000086b00000, 0x0000000086b00000| Complete 
|  82|0x0000000086c00000, 0x0000000086d00000, 0x0000000086d00000|100%| E|CS|TAMS 0x0000000086c00000, 0x0000000086c00000| Complete 
|  83|0x0000000086d00000, 0x0000000086e00000, 0x0000000086e00000|100%| E|CS|TAMS 0x0000000086d00000, 0x0000000086d00000| Complete 
|  84|0x0000000086e00000, 0x0000000086f00000, 0x0000000086f00000|100%| E|CS|TAMS 0x0000000086e00000, 0x0000000086e00000| Complete 
|  85|0x0000000086f00000, 0x0000000087000000, 0x0000000087000000|100%| E|CS|TAMS 0x0000000086f00000, 0x0000000086f00000| Complete 
|  86|0x0000000087000000, 0x0000000087100000, 0x0000000087100000|100%| E|CS|TAMS 0x0000000087000000, 0x0000000087000000| Complete 
|  87|0x0000000087100000, 0x0000000087200000, 0x0000000087200000|100%| E|CS|TAMS 0x0000000087100000, 0x0000000087100000| Complete 
|  88|0x0000000087200000, 0x0000000087300000, 0x0000000087300000|100%| E|CS|TAMS 0x0000000087200000, 0x0000000087200000| Complete 
|  89|0x0000000087300000, 0x0000000087400000, 0x0000000087400000|100%| E|CS|TAMS 0x0000000087300000, 0x0000000087300000| Complete 
|  90|0x0000000087400000, 0x0000000087500000, 0x0000000087500000|100%| E|CS|TAMS 0x0000000087400000, 0x0000000087400000| Complete 
|  91|0x0000000087500000, 0x0000000087600000, 0x0000000087600000|100%| E|CS|TAMS 0x0000000087500000, 0x0000000087500000| Complete 
|  92|0x0000000087600000, 0x0000000087700000, 0x0000000087700000|100%| E|CS|TAMS 0x0000000087600000, 0x0000000087600000| Complete 
|  93|0x0000000087700000, 0x0000000087800000, 0x0000000087800000|100%| E|CS|TAMS 0x0000000087700000, 0x0000000087700000| Complete 
|  94|0x0000000087800000, 0x0000000087900000, 0x0000000087900000|100%| E|CS|TAMS 0x0000000087800000, 0x0000000087800000| Complete 
|  95|0x0000000087900000, 0x0000000087a00000, 0x0000000087a00000|100%| E|CS|TAMS 0x0000000087900000, 0x0000000087900000| Complete 
|  96|0x0000000087a00000, 0x0000000087b00000, 0x0000000087b00000|100%| E|CS|TAMS 0x0000000087a00000, 0x0000000087a00000| Complete 
|  97|0x0000000087b00000, 0x0000000087c00000, 0x0000000087c00000|100%| E|CS|TAMS 0x0000000087b00000, 0x0000000087b00000| Complete 
|  98|0x0000000087c00000, 0x0000000087d00000, 0x0000000087d00000|100%| E|CS|TAMS 0x0000000087c00000, 0x0000000087c00000| Complete 
|  99|0x0000000087d00000, 0x0000000087e00000, 0x0000000087e00000|100%| E|CS|TAMS 0x0000000087d00000, 0x0000000087d00000| Complete 
| 100|0x0000000087e00000, 0x0000000087f00000, 0x0000000087f00000|100%| E|CS|TAMS 0x0000000087e00000, 0x0000000087e00000| Complete 
| 101|0x0000000087f00000, 0x0000000088000000, 0x0000000088000000|100%| E|CS|TAMS 0x0000000087f00000, 0x0000000087f00000| Complete 
| 102|0x0000000088000000, 0x0000000088100000, 0x0000000088100000|100%| E|CS|TAMS 0x0000000088000000, 0x0000000088000000| Complete 
| 103|0x0000000088100000, 0x0000000088200000, 0x0000000088200000|100%| E|CS|TAMS 0x0000000088100000, 0x0000000088100000| Complete 
| 104|0x0000000088200000, 0x0000000088300000, 0x0000000088300000|100%| E|CS|TAMS 0x0000000088200000, 0x0000000088200000| Complete 
| 105|0x0000000088300000, 0x0000000088400000, 0x0000000088400000|100%| E|CS|TAMS 0x0000000088300000, 0x0000000088300000| Complete 
| 106|0x0000000088400000, 0x0000000088500000, 0x0000000088500000|100%| E|CS|TAMS 0x0000000088400000, 0x0000000088400000| Complete 
| 107|0x0000000088500000, 0x0000000088600000, 0x0000000088600000|100%| E|CS|TAMS 0x0000000088500000, 0x0000000088500000| Complete 
| 108|0x0000000088600000, 0x0000000088700000, 0x0000000088700000|100%| E|CS|TAMS 0x0000000088600000, 0x0000000088600000| Complete 
| 109|0x0000000088700000, 0x0000000088800000, 0x0000000088800000|100%| E|CS|TAMS 0x0000000088700000, 0x0000000088700000| Complete 
| 110|0x0000000088800000, 0x0000000088900000, 0x0000000088900000|100%| E|CS|TAMS 0x0000000088800000, 0x0000000088800000| Complete 
| 111|0x0000000088900000, 0x0000000088a00000, 0x0000000088a00000|100%| E|CS|TAMS 0x0000000088900000, 0x0000000088900000| Complete 
| 127|0x0000000089900000, 0x0000000089a00000, 0x0000000089a00000|100%| E|CS|TAMS 0x0000000089900000, 0x0000000089900000| Complete 

Card table byte_map: [0x0000020571030000,0x0000020571430000] _byte_map_base: 0x0000020570c23000

Marking Bits (Prev, Next): (CMBitMap*) 0x000002055933ea98, (CMBitMap*) 0x000002055933ead8
 Prev Bits: [0x0000020571830000, 0x00000205737c8000)
 Next Bits: [0x00000205737d0000, 0x0000020575768000)

Polling page: 0x00000205570f0000

Metaspace:

Usage:
  Non-class:     31.45 MB capacity,    31.13 MB ( 99%) used,   264.19 KB ( <1%) free+waste,    59.69 KB ( <1%) overhead. 
      Class:      3.50 MB capacity,     3.31 MB ( 95%) used,   170.37 KB (  5%) free+waste,    26.06 KB ( <1%) overhead. 
       Both:     34.95 MB capacity,    34.44 MB ( 99%) used,   434.55 KB (  1%) free+waste,    85.75 KB ( <1%) overhead. 

Virtual space:
  Non-class space:       32.00 MB reserved,      31.50 MB ( 98%) committed 
      Class space:        1.00 GB reserved,       3.50 MB ( <1%) committed 
             Both:        1.03 GB reserved,      35.00 MB (  3%) committed 

Chunk freelists:
   Non-Class:  51.00 KB
       Class:  2.00 KB
        Both:  53.00 KB

MaxMetaspaceSize: 17179869184.00 GB
CompressedClassSpaceSize: 1.00 GB

CodeHeap 'non-profiled nmethods': size=120000Kb used=7080Kb max_used=7697Kb free=112919Kb
 bounds [0x00000205692c0000, 0x0000020569a50000, 0x00000205707f0000]
CodeHeap 'profiled nmethods': size=120000Kb used=15403Kb max_used=16789Kb free=104596Kb
 bounds [0x0000020561d90000, 0x0000020562e00000, 0x00000205692c0000]
CodeHeap 'non-nmethods': size=5760Kb used=1717Kb max_used=1767Kb free=4042Kb
 bounds [0x00000205617f0000, 0x0000020561a60000, 0x0000020561d90000]
 total_blobs=13794 nmethods=6857 adapters=1022
 compilation: enabled
              stopped_count=0, restarted_count=0
 full_count=0

Compilation events (20 events):
Event: 149.073 Thread 0x0000020578265800 8709       3       javax.swing.AbstractButton::addActionListener (12 bytes)
Event: 149.073 Thread 0x0000020578265800 nmethod 8709 0x0000020562dfc010 code [0x0000020562dfc1c0, 0x0000020562dfc3b0]
Event: 149.076 Thread 0x0000020578265800 8727       1       sun.awt.image.ImageWatched$Link::newInfo (2 bytes)
Event: 149.076 Thread 0x0000020578265800 nmethod 8727 0x0000020569a43710 code [0x0000020569a438a0, 0x0000020569a439d8]
Event: 149.083 Thread 0x0000020578265800 8728       1       gov.nasa.worldwind.render.TextRenderer$Glyph::getUnicodeID (5 bytes)
Event: 149.084 Thread 0x0000020578265800 nmethod 8728 0x0000020569a43a90 code [0x0000020569a43c20, 0x0000020569a43d58]
Event: 149.084 Thread 0x0000020578265800 8729       1       gov.nasa.worldwind.render.TextRenderer::access$100 (5 bytes)
Event: 149.084 Thread 0x0000020578265800 nmethod 8729 0x0000020569a43e10 code [0x0000020569a43fa0, 0x0000020569a44098]
Event: 149.084 Thread 0x0000020578265800 8730       1       sun.font.StandardGlyphVector::getFontRenderContext (5 bytes)
Event: 149.084 Thread 0x0000020578265800 nmethod 8730 0x0000020569a44110 code [0x0000020569a442a0, 0x0000020569a443d8]
Event: 149.160 Thread 0x000002057825f000 8731       4       javax.swing.JComponent::isDoubleBuffered (6 bytes)
Event: 149.160 Thread 0x000002057825f000 nmethod 8731 0x0000020569a44490 code [0x0000020569a44620, 0x0000020569a44698]
Event: 149.620 Thread 0x0000020578265800 8732   !   3       javax.swing.JComponent::_paintImmediately (891 bytes)
Event: 149.625 Thread 0x0000020578265800 nmethod 8732 0x0000020562a82d90 code [0x0000020562a834c0, 0x0000020562a89630]
Event: 149.678 Thread 0x0000020578265800 8733       3       java.awt.Component::getInputContext (16 bytes)
Event: 149.679 Thread 0x0000020578265800 nmethod 8733 0x0000020561eecf10 code [0x0000020561eed0c0, 0x0000020561eed370]
Event: 149.774 Thread 0x0000020578265800 8734       3       sun.awt.SunToolkit::isTouchKeyboardAutoShowEnabled (4 bytes)
Event: 149.774 Thread 0x0000020578265800 nmethod 8734 0x0000020561e52690 code [0x0000020561e52820, 0x0000020561e52978]
Event: 149.801 Thread 0x000002057825f000 8735 %     4       javax.swing.SwingUtilities::getWindowAncestor @ 5 (31 bytes)
Event: 149.802 Thread 0x000002057825f000 nmethod 8735% 0x0000020569372810 code [0x00000205693729a0, 0x0000020569372ad8]

GC Heap History (20 events):
Event: 57.810 GC heap before
{Heap before GC invocations=195 (full 0):
 garbage-first heap   total 115712K, used 91803K [0x0000000081a00000, 0x0000000100000000)
  region size 1024K, 41 young (41984K), 1 survivors (1024K)
 Metaspace       used 34795K, capacity 35314K, committed 35328K, reserved 1081344K
  class space    used 3367K, capacity 3574K, committed 3584K, reserved 1048576K
}
Event: 57.811 GC heap after
{Heap after GC invocations=196 (full 0):
 garbage-first heap   total 115712K, used 45721K [0x0000000081a00000, 0x0000000100000000)
  region size 1024K, 1 young (1024K), 1 survivors (1024K)
 Metaspace       used 34795K, capacity 35314K, committed 35328K, reserved 1081344K
  class space    used 3367K, capacity 3574K, committed 3584K, reserved 1048576K
}
Event: 58.028 GC heap before
{Heap before GC invocations=196 (full 0):
 garbage-first heap   total 115712K, used 69273K [0x0000000081a00000, 0x0000000100000000)
  region size 1024K, 20 young (20480K), 1 survivors (1024K)
 Metaspace       used 34803K, capacity 35314K, committed 35328K, reserved 1081344K
  class space    used 3367K, capacity 3574K, committed 3584K, reserved 1048576K
}
Event: 58.029 GC heap after
{Heap after GC invocations=197 (full 0):
 garbage-first heap   total 115712K, used 39978K [0x0000000081a00000, 0x0000000100000000)
  region size 1024K, 1 young (1024K), 1 survivors (1024K)
 Metaspace       used 34803K, capacity 35314K, committed 35328K, reserved 1081344K
  class space    used 3367K, capacity 3574K, committed 3584K, reserved 1048576K
}
Event: 58.349 GC heap before
{Heap before GC invocations=198 (full 0):
 garbage-first heap   total 115712K, used 80938K [0x0000000081a00000, 0x0000000100000000)
  region size 1024K, 31 young (31744K), 1 survivors (1024K)
 Metaspace       used 34807K, capacity 35314K, committed 35328K, reserved 1081344K
  class space    used 3367K, capacity 3574K, committed 3584K, reserved 1048576K
}
Event: 58.350 GC heap after
{Heap after GC invocations=199 (full 0):
 garbage-first heap   total 115712K, used 49172K [0x0000000081a00000, 0x0000000100000000)
  region size 1024K, 1 young (1024K), 1 survivors (1024K)
 Metaspace       used 34807K, capacity 35314K, committed 35328K, reserved 1081344K
  class space    used 3367K, capacity 3574K, committed 3584K, reserved 1048576K
}
Event: 59.458 GC heap before
{Heap before GC invocations=200 (full 0):
 garbage-first heap   total 115712K, used 93204K [0x0000000081a00000, 0x0000000100000000)
  region size 1024K, 41 young (41984K), 1 survivors (1024K)
 Metaspace       used 34883K, capacity 35383K, committed 35584K, reserved 1081344K
  class space    used 3372K, capacity 3576K, committed 3584K, reserved 1048576K
}
Event: 59.459 GC heap after
{Heap after GC invocations=201 (full 0):
 garbage-first heap   total 115712K, used 39675K [0x0000000081a00000, 0x0000000100000000)
  region size 1024K, 1 young (1024K), 1 survivors (1024K)
 Metaspace       used 34883K, capacity 35383K, committed 35584K, reserved 1081344K
  class space    used 3372K, capacity 3576K, committed 3584K, reserved 1048576K
}
Event: 60.563 GC heap before
{Heap before GC invocations=201 (full 0):
 garbage-first heap   total 115712K, used 94971K [0x0000000081a00000, 0x0000000100000000)
  region size 1024K, 50 young (51200K), 1 survivors (1024K)
 Metaspace       used 34893K, capacity 35383K, committed 35584K, reserved 1081344K
  class space    used 3372K, capacity 3576K, committed 3584K, reserved 1048576K
}
Event: 60.564 GC heap after
{Heap after GC invocations=202 (full 0):
 garbage-first heap   total 115712K, used 39767K [0x0000000081a00000, 0x0000000100000000)
  region size 1024K, 1 young (1024K), 1 survivors (1024K)
 Metaspace       used 34893K, capacity 35383K, committed 35584K, reserved 1081344K
  class space    used 3372K, capacity 3576K, committed 3584K, reserved 1048576K
}
Event: 61.784 GC heap before
{Heap before GC invocations=202 (full 0):
 garbage-first heap   total 115712K, used 98135K [0x0000000081a00000, 0x0000000100000000)
  region size 1024K, 52 young (53248K), 1 survivors (1024K)
 Metaspace       used 34899K, capacity 35383K, committed 35584K, reserved 1081344K
  class space    used 3372K, capacity 3576K, committed 3584K, reserved 1048576K
}
Event: 61.784 GC heap after
{Heap after GC invocations=203 (full 0):
 garbage-first heap   total 115712K, used 39697K [0x0000000081a00000, 0x0000000100000000)
  region size 1024K, 1 young (1024K), 1 survivors (1024K)
 Metaspace       used 34899K, capacity 35383K, committed 35584K, reserved 1081344K
  class space    used 3372K, capacity 3576K, committed 3584K, reserved 1048576K
}
Event: 62.607 GC heap before
{Heap before GC invocations=203 (full 0):
 garbage-first heap   total 115712K, used 94993K [0x0000000081a00000, 0x0000000100000000)
  region size 1024K, 53 young (54272K), 1 survivors (1024K)
 Metaspace       used 34899K, capacity 35383K, committed 35584K, reserved 1081344K
  class space    used 3372K, capacity 3576K, committed 3584K, reserved 1048576K
}
Event: 62.608 GC heap after
{Heap after GC invocations=204 (full 0):
 garbage-first heap   total 115712K, used 36627K [0x0000000081a00000, 0x0000000100000000)
  region size 1024K, 1 young (1024K), 1 survivors (1024K)
 Metaspace       used 34899K, capacity 35383K, committed 35584K, reserved 1081344K
  class space    used 3372K, capacity 3576K, committed 3584K, reserved 1048576K
}
Event: 63.524 GC heap before
{Heap before GC invocations=204 (full 0):
 garbage-first heap   total 115712K, used 93971K [0x0000000081a00000, 0x0000000100000000)
  region size 1024K, 57 young (58368K), 1 survivors (1024K)
 Metaspace       used 34899K, capacity 35383K, committed 35584K, reserved 1081344K
  class space    used 3372K, capacity 3576K, committed 3584K, reserved 1048576K
}
Event: 63.524 GC heap after
{Heap after GC invocations=205 (full 0):
 garbage-first heap   total 115712K, used 33562K [0x0000000081a00000, 0x0000000100000000)
  region size 1024K, 1 young (1024K), 1 survivors (1024K)
 Metaspace       used 34899K, capacity 35383K, committed 35584K, reserved 1081344K
  class space    used 3372K, capacity 3576K, committed 3584K, reserved 1048576K
}
Event: 119.927 GC heap before
{Heap before GC invocations=205 (full 0):
 garbage-first heap   total 115712K, used 93978K [0x0000000081a00000, 0x0000000100000000)
  region size 1024K, 60 young (61440K), 1 survivors (1024K)
 Metaspace       used 35057K, capacity 35511K, committed 35584K, reserved 1081344K
  class space    used 3372K, capacity 3576K, committed 3584K, reserved 1048576K
}
Event: 119.928 GC heap after
{Heap after GC invocations=206 (full 0):
 garbage-first heap   total 115712K, used 33711K [0x0000000081a00000, 0x0000000100000000)
  region size 1024K, 1 young (1024K), 1 survivors (1024K)
 Metaspace       used 35057K, capacity 35511K, committed 35584K, reserved 1081344K
  class space    used 3372K, capacity 3576K, committed 3584K, reserved 1048576K
}
Event: 132.140 GC heap before
{Heap before GC invocations=206 (full 0):
 garbage-first heap   total 115712K, used 95151K [0x0000000081a00000, 0x0000000100000000)
  region size 1024K, 61 young (62464K), 1 survivors (1024K)
 Metaspace       used 35089K, capacity 35639K, committed 35840K, reserved 1081344K
  class space    used 3372K, capacity 3576K, committed 3584K, reserved 1048576K
}
Event: 132.141 GC heap after
{Heap after GC invocations=207 (full 0):
 garbage-first heap   total 115712K, used 33646K [0x0000000081a00000, 0x0000000100000000)
  region size 1024K, 1 young (1024K), 1 survivors (1024K)
 Metaspace       used 35089K, capacity 35639K, committed 35840K, reserved 1081344K
  class space    used 3372K, capacity 3576K, committed 3584K, reserved 1048576K
}

Deoptimization events (20 events):
Event: 149.069 Thread 0x000002057a1ed000 Uncommon trap: trap_request=0xffffffc6 fr.pc=0x0000020569951178 relative=0x0000000000001e58
Event: 149.069 Thread 0x000002057a1ed000 Uncommon trap: reason=bimorphic_or_optimized_type_check action=maybe_recompile pc=0x0000020569951178 method=java.awt.DefaultKeyboardFocusManager.dispatchEvent(Ljava/awt/AWTEvent;)Z @ 835 c2
Event: 149.069 Thread 0x000002057a1ed000 DEOPT PACKING pc=0x0000020569951178 sp=0x000000fd09aff040
Event: 149.069 Thread 0x000002057a1ed000 DEOPT UNPACKING pc=0x000002056183912f sp=0x000000fd09aff010 mode 2
Event: 149.074 Thread 0x000002057a1ed000 Uncommon trap: trap_request=0xffffff45 fr.pc=0x00000205699e00d8 relative=0x00000000000066d8
Event: 149.074 Thread 0x000002057a1ed000 Uncommon trap: reason=unstable_if action=reinterpret pc=0x00000205699e00d8 method=sun.java2d.pipe.Region.getIntersectionXYXY(IIII)Lsun/java2d/pipe/Region; @ 39 c2
Event: 149.074 Thread 0x000002057a1ed000 DEOPT PACKING pc=0x00000205699e00d8 sp=0x000000fd09afed10
Event: 149.074 Thread 0x000002057a1ed000 DEOPT UNPACKING pc=0x000002056183912f sp=0x000000fd09afea60 mode 2
Event: 149.077 Thread 0x000002057a1ed000 Uncommon trap: trap_request=0xffffffc6 fr.pc=0x0000020569984284 relative=0x00000000000011a4
Event: 149.077 Thread 0x000002057a1ed000 Uncommon trap: reason=bimorphic_or_optimized_type_check action=maybe_recompile pc=0x0000020569984284 method=javax.swing.SwingUtilities.layoutCompoundLabelImpl(Ljavax/swing/JComponent;Ljava/awt/FontMetrics;Ljava/lang/String;Ljavax/swing/Icon;IIIILjava/awt/
Event: 149.077 Thread 0x000002057a1ed000 DEOPT PACKING pc=0x0000020569984284 sp=0x000000fd09afe560
Event: 149.077 Thread 0x000002057a1ed000 DEOPT UNPACKING pc=0x000002056183912f sp=0x000000fd09afe4b0 mode 2
Event: 150.367 Thread 0x000002057a1ed000 Uncommon trap: trap_request=0xffffffde fr.pc=0x00000205698232c0 relative=0x0000000000001060
Event: 150.367 Thread 0x000002057a1ed000 Uncommon trap: reason=class_check action=maybe_recompile pc=0x00000205698232c0 method=java.awt.EventQueue.dispatchEventImpl(Ljava/awt/AWTEvent;Ljava/lang/Object;)V @ 18 c2
Event: 150.367 Thread 0x000002057a1ed000 DEOPT PACKING pc=0x00000205698232c0 sp=0x000000fd09aff260
Event: 150.367 Thread 0x000002057a1ed000 DEOPT UNPACKING pc=0x000002056183912f sp=0x000000fd09aff258 mode 2
Event: 150.367 Thread 0x000002057a1ed000 Uncommon trap: trap_request=0xffffff3d fr.pc=0x0000020569950684 relative=0x0000000000001364
Event: 150.367 Thread 0x000002057a1ed000 Uncommon trap: reason=unstable_fused_if action=reinterpret pc=0x0000020569950684 method=java.awt.DefaultKeyboardFocusManager.dispatchEvent(Ljava/awt/AWTEvent;)Z @ 42 c2
Event: 150.367 Thread 0x000002057a1ed000 DEOPT PACKING pc=0x0000020569950684 sp=0x000000fd09afee10
Event: 150.367 Thread 0x000002057a1ed000 DEOPT UNPACKING pc=0x000002056183912f sp=0x000000fd09afede0 mode 2

Classes unloaded (20 events):
Event: 9.112 Thread 0x000002057823d000 Unloading class 0x0000000800e6fc40 'jdk/internal/reflect/GeneratedConstructorAccessor13'
Event: 9.112 Thread 0x000002057823d000 Unloading class 0x0000000800db2c40 'jdk/internal/reflect/GeneratedConstructorAccessor11'
Event: 9.112 Thread 0x000002057823d000 Unloading class 0x0000000800db3840 'sun/security/ssl/ECDHServerKeyExchange$ECDHServerKeyExchangeMessage$$Lambda$206'
Event: 9.112 Thread 0x000002057823d000 Unloading class 0x0000000800db3440 'sun/security/ssl/ECDHServerKeyExchange$ECDHServerKeyExchangeMessage$$Lambda$205'
Event: 9.112 Thread 0x000002057823d000 Unloading class 0x0000000800db1c40 'java/lang/invoke/LambdaForm$DMH'
Event: 9.112 Thread 0x000002057823d000 Unloading class 0x0000000800db5440 'java/lang/invoke/LambdaForm$DMH'
Event: 12.097 Thread 0x000002057823d000 Unloading class 0x0000000800e6a840 'javax/xml/stream/FactoryFinder$$Lambda$232'
Event: 12.097 Thread 0x000002057823d000 Unloading class 0x0000000800e6b440 'javax/xml/stream/FactoryFinder$$Lambda$230'
Event: 12.097 Thread 0x000002057823d000 Unloading class 0x0000000800e6b040 'javax/xml/stream/FactoryFinder$$Lambda$228'
Event: 12.097 Thread 0x000002057823d000 Unloading class 0x0000000800e6bc40 'javax/xml/stream/FactoryFinder$$Lambda$229'
Event: 12.097 Thread 0x000002057823d000 Unloading class 0x0000000800e6b840 'javax/xml/stream/FactoryFinder$$Lambda$227'
Event: 12.098 Thread 0x000002057823d000 Unloading class 0x0000000800e6c040 'javax/xml/stream/FactoryFinder$$Lambda$226'
Event: 12.098 Thread 0x000002057823d000 Unloading class 0x0000000800e6cc40 'javax/xml/stream/FactoryFinder$$Lambda$225'
Event: 12.098 Thread 0x000002057823d000 Unloading class 0x0000000800e6d040 'javax/xml/stream/FactoryFinder$$Lambda$221'
Event: 12.098 Thread 0x000002057823d000 Unloading class 0x0000000800e6c840 'javax/xml/stream/FactoryFinder$$Lambda$224'
Event: 12.098 Thread 0x000002057823d000 Unloading class 0x0000000800e6d440 'javax/xml/stream/FactoryFinder$$Lambda$222'
Event: 12.098 Thread 0x000002057823d000 Unloading class 0x0000000800e6d840 'javax/xml/stream/FactoryFinder$$Lambda$220'
Event: 12.098 Thread 0x000002057823d000 Unloading class 0x0000000800e6e440 'javax/xml/stream/FactoryFinder$$Lambda$219'
Event: 12.098 Thread 0x000002057823d000 Unloading class 0x0000000800e6e040 'javax/xml/stream/FactoryFinder$$Lambda$218'
Event: 12.098 Thread 0x000002057823d000 Unloading class 0x0000000800e6e840 'javax/xml/stream/FactoryFinder$$Lambda$216'

Classes redefined (0 events):
No events

Internal exceptions (20 events):
Event: 0.865 Thread 0x00000205592fa000 Exception <a 'java/lang/NoSuchMethodError'{0x00000000889fb840}: 'java.lang.Object java.lang.invoke.DirectMethodHandle$Holder.invokeStaticInit(java.lang.Object, java.lang.Object, int, int, int, int)'> (0x00000000889fb840) 
thrown [t:/workspace/open/src/hotspot/share/interpreter/linkResolver.cpp, line 767]
Event: 6.995 Thread 0x00000205592fa000 Exception <a 'java/lang/InterruptedException'{0x0000000087eb39e8}> (0x0000000087eb39e8) 
thrown [t:/workspace/open/src/hotspot/share/runtime/objectMonitor.cpp, line 1403]
Event: 7.207 Thread 0x0000020579a21000 Exception <a 'sun/nio/fs/WindowsException'{0x0000000087a00e98}> (0x0000000087a00e98) 
thrown [t:/workspace/open/src/hotspot/share/prims/jni.cpp, line 598]
Event: 7.215 Thread 0x0000020579a21000 Exception <a 'java/lang/NoSuchMethodError'{0x0000000087a22d78}: 'int java.lang.invoke.DirectMethodHandle$Holder.invokeStaticInit(java.lang.Object, java.lang.Object, java.lang.Object, java.lang.Object)'> (0x0000000087a22d78) 
thrown [t:/workspace/open/src/hotspot/share/interpreter/linkResolver.cpp, line 767]
Event: 7.216 Thread 0x0000020579a21000 Exception <a 'java/lang/IncompatibleClassChangeError'{0x0000000087a2b820}: Found class java.lang.Object, but interface was expected> (0x0000000087a2b820) 
thrown [t:/workspace/open/src/hotspot/share/interpreter/linkResolver.cpp, line 833]
Event: 7.217 Thread 0x0000020579a21000 Exception <a 'java/lang/NoSuchMethodError'{0x0000000087a2e7a8}: 'void java.lang.invoke.DirectMethodHandle$Holder.invokeStaticInit(java.lang.Object, java.lang.Object)'> (0x0000000087a2e7a8) 
thrown [t:/workspace/open/src/hotspot/share/interpreter/linkResolver.cpp, line 767]
Event: 7.218 Thread 0x0000020579a21000 Exception <a 'java/lang/NoSuchMethodError'{0x0000000087a35310}: 'int java.lang.invoke.DirectMethodHandle$Holder.invokeStaticInit(java.lang.Object, java.lang.Object)'> (0x0000000087a35310) 
thrown [t:/workspace/open/src/hotspot/share/interpreter/linkResolver.cpp, line 767]
Event: 7.822 Thread 0x00000205592fa000 Exception <a 'java/lang/NoSuchMethodError'{0x000000008379df80}: 'void java.lang.invoke.DirectMethodHandle$Holder.invokeStaticInit(java.lang.Object)'> (0x000000008379df80) 
thrown [t:/workspace/open/src/hotspot/share/interpreter/linkResolver.cpp, line 767]
Event: 7.841 Thread 0x00000205592fa000 Exception <a 'java/lang/NoSuchMethodError'{0x00000000837f0a40}: 'java.lang.Object java.lang.invoke.Invokers$Holder.linkToTargetMethod(java.lang.Object, int, java.lang.Object)'> (0x00000000837f0a40) 
thrown [t:/workspace/open/src/hotspot/share/interpreter/linkResolver.cpp, line 767]
Event: 7.854 Thread 0x00000205592fa000 Exception <a 'java/lang/reflect/InvocationTargetException'{0x00000000836192e0}> (0x00000000836192e0) 
thrown [t:/workspace/open/src/hotspot/share/runtime/reflection.cpp, line 1188]
Event: 8.474 Thread 0x000002057a1f3000 Exception <a 'java/lang/NoSuchMethodError'{0x00000000899a7738}: 'void java.lang.invoke.DirectMethodHandle$Holder.invokeSpecial(java.lang.Object, java.lang.Object, java.lang.Object, java.lang.Object)'> (0x00000000899a7738) 
thrown [t:/workspace/open/src/hotspot/share/interpreter/linkResolver.cpp, line 767]
Event: 8.978 Thread 0x000002057a1f2000 Exception <a 'java/lang/ClassNotFoundException'{0x0000000085055968}: sun/util/logging/resources/spi/loggingProvider> (0x0000000085055968) 
thrown [t:/workspace/open/src/hotspot/share/classfile/systemDictionary.cpp, line 232]
Event: 9.950 Thread 0x000002057a2b3800 Exception <a 'java/lang/ClassNotFoundException'{0x0000000087b66330}: com/sun/org/apache/xerces/internal/impl/msg/spi/XMLMessagesProvider> (0x0000000087b66330) 
thrown [t:/workspace/open/src/hotspot/share/classfile/systemDictionary.cpp, line 232]
Event: 14.417 Thread 0x000002057a1ed000 Implicit null exception at 0x000002056953426d to 0x00000205695355ce
Event: 14.417 Thread 0x000002057a1ed000 Implicit null exception at 0x000002056953843c to 0x0000020569539172
Event: 14.418 Thread 0x000002057a1ed000 Implicit null exception at 0x000002056956c9b5 to 0x000002056956e5fe
Event: 30.704 Thread 0x000002057a2bb000 Exception <a 'java/lang/ClassNotFoundException'{0x0000000086794ea0}: com/sun/org/apache/xml/internal/serializer/spi/XMLEntitiesProvider> (0x0000000086794ea0) 
thrown [t:/workspace/open/src/hotspot/share/classfile/systemDictionary.cpp, line 232]
Event: 58.742 Thread 0x000002057a1ed000 Implicit null exception at 0x00000205696418dc to 0x0000020569641ae6
Event: 58.764 Thread 0x000002057a1ed000 Implicit null exception at 0x000002056959ad32 to 0x000002056959bbbe
Event: 149.069 Thread 0x000002057a1ed000 Implicit null exception at 0x00000205699478c8 to 0x0000020569949b4e

Events (20 events):
Event: 149.170 Thread 0x0000020578279800 flushing nmethod 0x0000020562ba9590
Event: 149.170 Thread 0x0000020578279800 flushing nmethod 0x0000020562bad310
Event: 149.170 Thread 0x0000020578279800 flushing nmethod 0x0000020562bbbb90
Event: 149.170 Thread 0x0000020578279800 flushing nmethod 0x0000020562bc5990
Event: 149.170 Thread 0x0000020578279800 flushing nmethod 0x0000020562bc9990
Event: 149.170 Thread 0x0000020578279800 flushing nmethod 0x0000020562bca710
Event: 149.170 Thread 0x0000020578279800 flushing nmethod 0x0000020562bcbb10
Event: 149.170 Thread 0x0000020578279800 flushing nmethod 0x0000020562bcd990
Event: 149.170 Thread 0x0000020578279800 flushing nmethod 0x0000020562bd4e90
Event: 149.170 Thread 0x0000020578279800 flushing nmethod 0x0000020562bd6c90
Event: 149.170 Thread 0x0000020578279800 flushing nmethod 0x0000020562bdab10
Event: 149.170 Thread 0x0000020578279800 flushing nmethod 0x0000020562bde890
Event: 149.170 Thread 0x0000020578279800 flushing nmethod 0x0000020562be9b10
Event: 149.170 Thread 0x0000020578279800 flushing nmethod 0x0000020562c17310
Event: 149.170 Thread 0x0000020578279800 flushing nmethod 0x0000020562c1fc90
Event: 149.170 Thread 0x0000020578279800 flushing nmethod 0x0000020562c21e90
Event: 149.170 Thread 0x0000020578279800 flushing nmethod 0x0000020562c4c090
Event: 149.171 Thread 0x0000020578279800 flushing nmethod 0x0000020562d89f90
Event: 149.625 Executing VM operation: HandshakeAllThreads
Event: 149.625 Executing VM operation: HandshakeAllThreads done


Dynamic libraries:
0x00007ff605650000 - 0x00007ff60565f000 	C:\Program Files\Java\jdk-13.0.2\bin\javaw.exe
0x00007ffe82860000 - 0x00007ffe82a50000 	C:\WINDOWS\SYSTEM32\ntdll.dll
0x00007ffe81b40000 - 0x00007ffe81bf2000 	C:\WINDOWS\System32\KERNEL32.DLL
0x00007ffe803e0000 - 0x00007ffe80683000 	C:\WINDOWS\System32\KERNELBASE.dll
0x00007ffe800e0000 - 0x00007ffe801da000 	C:\WINDOWS\System32\ucrtbase.dll
0x00007ffe603e0000 - 0x00007ffe603f5000 	C:\Program Files\Java\jdk-13.0.2\bin\VCRUNTIME140.dll
0x00007ffe78c80000 - 0x00007ffe78c98000 	C:\Program Files\Java\jdk-13.0.2\bin\jli.dll
0x00007ffe81ea0000 - 0x00007ffe81f43000 	C:\WINDOWS\System32\ADVAPI32.dll
0x00007ffe826e0000 - 0x00007ffe8277e000 	C:\WINDOWS\System32\msvcrt.dll
0x00007ffe817c0000 - 0x00007ffe81857000 	C:\WINDOWS\System32\sechost.dll
0x00007ffe81f50000 - 0x00007ffe82070000 	C:\WINDOWS\System32\RPCRT4.dll
0x00007ffe82070000 - 0x00007ffe82204000 	C:\WINDOWS\System32\USER32.dll
0x00007ffe80860000 - 0x00007ffe80881000 	C:\WINDOWS\System32\win32u.dll
0x00007ffe81960000 - 0x00007ffe81986000 	C:\WINDOWS\System32\GDI32.dll
0x00007ffe71e40000 - 0x00007ffe720c5000 	C:\WINDOWS\WinSxS\amd64_microsoft.windows.common-controls_6595b64144ccf1df_6.0.18362.657_none_e6c5b579130e3898\COMCTL32.dll
0x00007ffe80240000 - 0x00007ffe803d4000 	C:\WINDOWS\System32\gdi32full.dll
0x00007ffe80710000 - 0x00007ffe807ae000 	C:\WINDOWS\System32\msvcp_win.dll
0x00007ffe809d0000 - 0x00007ffe80d06000 	C:\WINDOWS\System32\combase.dll
0x00007ffe80690000 - 0x00007ffe80710000 	C:\WINDOWS\System32\bcryptPrimitives.dll
0x00007ffe76f80000 - 0x00007ffe76f8a000 	C:\WINDOWS\SYSTEM32\VERSION.dll
0x00007ffe81c60000 - 0x00007ffe81c8e000 	C:\WINDOWS\System32\IMM32.DLL
0x00007ffe25040000 - 0x00007ffe250db000 	C:\Program Files\Java\jdk-13.0.2\bin\msvcp140.dll
0x00007ffe13cb0000 - 0x00007ffe1480d000 	C:\Program Files\Java\jdk-13.0.2\bin\server\jvm.dll
0x00007ffe81860000 - 0x00007ffe81868000 	C:\WINDOWS\System32\PSAPI.DLL
0x00007ffe77cd0000 - 0x00007ffe77cf4000 	C:\WINDOWS\SYSTEM32\WINMM.dll
0x00007ffe65cd0000 - 0x00007ffe65cd9000 	C:\WINDOWS\SYSTEM32\WSOCK32.dll
0x0000020558a50000 - 0x0000020558abf000 	C:\WINDOWS\System32\ws2_32.DLL
0x00007ffe77ca0000 - 0x00007ffe77ccd000 	C:\WINDOWS\SYSTEM32\WINMMBASE.dll
0x00007ffe80890000 - 0x00007ffe808da000 	C:\WINDOWS\System32\cfgmgr32.dll
0x00007ffe7f7a0000 - 0x00007ffe7f7b1000 	C:\WINDOWS\System32\kernel.appcore.dll
0x00007ffe5e970000 - 0x00007ffe5e980000 	C:\Program Files\Java\jdk-13.0.2\bin\verify.dll
0x00007ffe654c0000 - 0x00007ffe656b4000 	C:\WINDOWS\SYSTEM32\DBGHELP.DLL
0x00007ffe65330000 - 0x00007ffe6535a000 	C:\WINDOWS\SYSTEM32\dbgcore.DLL
0x00007ffe41e50000 - 0x00007ffe41e76000 	C:\Program Files\Java\jdk-13.0.2\bin\java.dll
0x00007ffe31210000 - 0x00007ffe31227000 	C:\Program Files\Java\jdk-13.0.2\bin\zip.dll
0x00007ffe5caa0000 - 0x00007ffe5caaa000 	C:\Program Files\Java\jdk-13.0.2\bin\jimage.dll
0x00007ffe810d0000 - 0x00007ffe817b5000 	C:\WINDOWS\System32\SHELL32.dll
0x00007ffe80de0000 - 0x00007ffe80e89000 	C:\WINDOWS\System32\shcore.dll
0x00007ffe7f7c0000 - 0x00007ffe7ff3f000 	C:\WINDOWS\System32\windows.storage.dll
0x00007ffe7f730000 - 0x00007ffe7f74f000 	C:\WINDOWS\System32\profapi.dll
0x00007ffe7f750000 - 0x00007ffe7f79a000 	C:\WINDOWS\System32\powrprof.dll
0x00007ffe7f700000 - 0x00007ffe7f710000 	C:\WINDOWS\System32\UMPDC.dll
0x00007ffe82680000 - 0x00007ffe826d2000 	C:\WINDOWS\System32\shlwapi.dll
0x00007ffe7ff40000 - 0x00007ffe7ff57000 	C:\WINDOWS\System32\cryptsp.dll
0x00007ffe4fd20000 - 0x00007ffe4fd39000 	C:\Program Files\Java\jdk-13.0.2\bin\net.dll
0x00007ffe75cf0000 - 0x00007ffe75de0000 	C:\WINDOWS\SYSTEM32\WINHTTP.dll
0x00007ffe7ef70000 - 0x00007ffe7efd7000 	C:\WINDOWS\system32\mswsock.dll
0x00007ffe30a80000 - 0x00007ffe30a93000 	C:\Program Files\Java\jdk-13.0.2\bin\nio.dll
0x00007ffe1ea50000 - 0x00007ffe1ebe9000 	C:\Program Files\Java\jdk-13.0.2\bin\awt.dll
0x00007ffe80d10000 - 0x00007ffe80dd4000 	C:\WINDOWS\System32\OLEAUT32.dll
0x00007ffe7d8a0000 - 0x00007ffe7d92f000 	C:\WINDOWS\SYSTEM32\apphelp.dll
0x00007ffe7dea0000 - 0x00007ffe7decd000 	C:\WINDOWS\system32\DWMAPI.DLL
0x00007ffe7d990000 - 0x00007ffe7da29000 	C:\WINDOWS\system32\uxtheme.dll
0x00007ffe4fe10000 - 0x00007ffe4ff66000 	C:\WINDOWS\system32\opengl32.dll
0x00007ffe4fde0000 - 0x00007ffe4fe0c000 	C:\WINDOWS\SYSTEM32\GLU32.dll
0x00007ffe7e370000 - 0x00007ffe7e390000 	C:\WINDOWS\SYSTEM32\dxcore.dll
0x00007ffe81a00000 - 0x00007ffe81b35000 	C:\WINDOWS\System32\MSCTF.dll
0x00007ffe81c90000 - 0x00007ffe81de6000 	C:\WINDOWS\System32\ole32.dll
0x00007ffe7eae0000 - 0x00007ffe7eb13000 	C:\WINDOWS\system32\rsaenh.dll
0x00007ffe7ff60000 - 0x00007ffe7ff86000 	C:\WINDOWS\System32\bcrypt.dll
0x00007ffe7f5f0000 - 0x00007ffe7f615000 	C:\WINDOWS\SYSTEM32\USERENV.dll
0x00007ffe7f140000 - 0x00007ffe7f14c000 	C:\WINDOWS\SYSTEM32\CRYPTBASE.dll
0x00007ffe7ec80000 - 0x00007ffe7ecba000 	C:\WINDOWS\SYSTEM32\IPHLPAPI.DLL
0x00007ffe827e0000 - 0x00007ffe827e8000 	C:\WINDOWS\System32\NSI.dll
0x00007ffe786f0000 - 0x00007ffe78706000 	C:\WINDOWS\SYSTEM32\dhcpcsvc6.DLL
0x00007ffe786d0000 - 0x00007ffe786ec000 	C:\WINDOWS\SYSTEM32\dhcpcsvc.DLL
0x00007ffe7ecc0000 - 0x00007ffe7ed8a000 	C:\WINDOWS\SYSTEM32\DNSAPI.dll
0x00000000637c0000 - 0x00000000637cd000 	C:\Users\Dawid Kazimierczak\AppData\Local\Temp\jogamp_0000\file_cache\jln547284915096254996\jln9719361308625410467\gluegen-rt.dll
0x00007ffe7a5a0000 - 0x00007ffe7a5a7000 	C:\Program Files\Java\jdk-13.0.2\bin\jawt.dll
0x000000006a440000 - 0x000000006a44d000 	C:\Users\Dawid Kazimierczak\AppData\Local\Temp\jogamp_0000\file_cache\jln547284915096254996\jln9719361308625410467\nativewindow_awt.dll
0x000000006c100000 - 0x000000006c10f000 	C:\Users\Dawid Kazimierczak\AppData\Local\Temp\jogamp_0000\file_cache\jln547284915096254996\jln9719361308625410467\nativewindow_win32.dll
0x0000000064500000 - 0x00000000645a0000 	C:\Users\Dawid Kazimierczak\AppData\Local\Temp\jogamp_0000\file_cache\jln547284915096254996\jln9719361308625410467\jogl_desktop.dll
0x00007ffe3e8b0000 - 0x00007ffe3f3f8000 	C:\WINDOWS\SYSTEM32\ig75icd64.dll
0x00007ffe73d70000 - 0x00007ffe747b0000 	C:\WINDOWS\SYSTEM32\igdusc64.dll
0x00007ffe7a3d0000 - 0x00007ffe7a3e3000 	C:\WINDOWS\SYSTEM32\WTSAPI32.dll
0x00007ffe7b9d0000 - 0x00007ffe7b9de000 	C:\Program Files\Java\jdk-13.0.2\bin\sunmscapi.dll
0x00007ffe7ff90000 - 0x00007ffe800d9000 	C:\WINDOWS\System32\CRYPT32.dll
0x00007ffe7f710000 - 0x00007ffe7f722000 	C:\WINDOWS\System32\MSASN1.dll
0x00007ffe7f240000 - 0x00007ffe7f266000 	C:\WINDOWS\SYSTEM32\ncrypt.dll
0x00007ffe7f200000 - 0x00007ffe7f23b000 	C:\WINDOWS\SYSTEM32\NTASN1.dll
0x00007ffe52030000 - 0x00007ffe52055000 	C:\Program Files\Java\jdk-13.0.2\bin\sunec.dll
0x00007ffe79290000 - 0x00007ffe7929a000 	C:\Windows\System32\rasadhlp.dll
0x00007ffe21930000 - 0x00007ffe219b2000 	C:\Program Files\Java\jdk-13.0.2\bin\freetype.dll
0x00007ffe20370000 - 0x00007ffe20416000 	C:\Program Files\Java\jdk-13.0.2\bin\fontmanager.dll
0x00007ffe782f0000 - 0x00007ffe78367000 	C:\WINDOWS\System32\fwpuclnt.dll
0x00007ffe650e0000 - 0x00007ffe6517e000 	C:\WINDOWS\System32\TextInputFramework.dll
0x00007ffe76f90000 - 0x00007ffe772ba000 	C:\WINDOWS\System32\CoreUIComponents.dll
0x00007ffe7d170000 - 0x00007ffe7d244000 	C:\WINDOWS\System32\CoreMessaging.dll
0x00007ffe7e760000 - 0x00007ffe7e791000 	C:\WINDOWS\SYSTEM32\ntmarta.dll
0x00007ffe7af40000 - 0x00007ffe7b093000 	C:\WINDOWS\SYSTEM32\wintypes.dll
0x00007ffe71580000 - 0x00007ffe71826000 	C:\WINDOWS\System32\iertutil.dll
0x00007ffe7e400000 - 0x00007ffe7e4eb000 	C:\WINDOWS\SYSTEM32\dxgi.dll
0x00007ffe7c8d0000 - 0x00007ffe7cb2b000 	C:\WINDOWS\SYSTEM32\d3d11.dll
0x00007ffe747b0000 - 0x00007ffe7570c000 	C:\WINDOWS\SYSTEM32\igd10iumd64.dll
0x00007ffe52080000 - 0x00007ffe520ad000 	C:\Program Files\Java\jdk-13.0.2\bin\javajpeg.dll

dbghelp: loaded successfully - version: 4.0.5 - missing functions: none
symbol engine: initialized successfully - sym options: 0x614 - pdb path: .;C:\Program Files\Java\jdk-13.0.2\bin;C:\WINDOWS\SYSTEM32;C:\WINDOWS\WinSxS\amd64_microsoft.windows.common-controls_6595b64144ccf1df_6.0.18362.657_none_e6c5b579130e3898;C:\Program Files\Java\jdk-13.0.2\bin\server;C:\Users\Dawid Kazimierczak\AppData\Local\Temp\jogamp_0000\file_cache\jln547284915096254996\jln9719361308625410467

VM Arguments:
jvm_args: -Dfile.encoding=Cp1250 
java_command: fr.isae.mae.ss.Ellipsoids
java_class_path (initial): C:\Users\Dawid Kazimierczak\Documents\ISAE\Space Project Tools for Simulation\Final_Project\Satellite-orbit-viewer\target\classes;C:\Users\Dawid Kazimierczak\Documents\ISAE\Space Project Tools for Simulation\Final_Project\Satellite-orbit-viewer\libs\gdal.jar;C:\Users\Dawid Kazimierczak\Documents\ISAE\Space Project Tools for Simulation\Final_Project\Satellite-orbit-viewer\libs\gluegen-rt-2.1.5-01-natives-android-armv6.jar;C:\Users\Dawid Kazimierczak\Documents\ISAE\Space Project Tools for Simulation\Final_Project\Satellite-orbit-viewer\libs\gluegen-rt-2.1.5-01-natives-linux-amd64.jar;C:\Users\Dawid Kazimierczak\Documents\ISAE\Space Project Tools for Simulation\Final_Project\Satellite-orbit-viewer\libs\gluegen-rt-2.1.5-01-natives-linux-armv6.jar;C:\Users\Dawid Kazimierczak\Documents\ISAE\Space Project Tools for Simulation\Final_Project\Satellite-orbit-viewer\libs\gluegen-rt-2.1.5-01-natives-linux-armv6hf.jar;C:\Users\Dawid Kazimierczak\Documents\ISAE\Space Project Tools for Simulation\Final_Project\Satellite-orbit-viewer\libs\gluegen-rt-2.1.5-01-natives-linux-i586.jar;C:\Users\Dawid Kazimierczak\Documents\ISAE\Space Project Tools for Simulation\Final_Project\Satellite-orbit-viewer\libs\gluegen-rt-2.1.5-01-natives-macosx-universal.jar;C:\Users\Dawid Kazimierczak\Documents\ISAE\Space Project Tools for Simulation\Final_Project\Satellite-orbit-viewer\libs\gluegen-rt-2.1.5-01-natives-solaris-amd64.jar;C:\Users\Dawid Kazimierczak\Documents\ISAE\Space Project Tools for Simulation\Final_Project\Satellite-orbit-viewer\libs\gluegen-rt-2.1.5-01-natives-solaris-i586.jar;C:\Users\Dawid Kazimierczak\Documents\ISAE\Space Project Tools for Simulation\Final_Project\Satellite-orbit-viewer\libs\gluegen-rt-2.1.5-01-natives-windows-amd64.jar;C:\Users\Dawid Kazimierczak\Documents\ISAE\Space Project Tools for Simulation\Final_Project\Satellite-orbit-viewer\libs\gluegen-rt-2.1.5-01-natives-windows-i586.jar;C:\Users\Dawid Kazimierczak\Documents\ISAE\Space Project T
Launcher Type: SUN_STANDARD

[Global flags]
     intx CICompilerCount                          = 4                                         {product} {ergonomic}
     uint ConcGCThreads                            = 2                                         {product} {ergonomic}
     uint G1ConcRefinementThreads                  = 8                                         {product} {ergonomic}
   size_t G1HeapRegionSize                         = 1048576                                   {product} {ergonomic}
    uintx GCDrainStackTargetSize                   = 64                                        {product} {ergonomic}
   size_t InitialHeapSize                          = 134217728                                 {product} {ergonomic}
   size_t MarkStackSize                            = 4194304                                   {product} {ergonomic}
   size_t MaxHeapSize                              = 2120220672                                {product} {ergonomic}
   size_t MaxNewSize                               = 1271922688                                {product} {ergonomic}
   size_t MinHeapDeltaBytes                        = 1048576                                   {product} {ergonomic}
   size_t MinHeapSize                              = 8388608                                   {product} {ergonomic}
    uintx NonNMethodCodeHeapSize                   = 5839372                                {pd product} {ergonomic}
    uintx NonProfiledCodeHeapSize                  = 122909434                              {pd product} {ergonomic}
    uintx ProfiledCodeHeapSize                     = 122909434                              {pd product} {ergonomic}
    uintx ReservedCodeCacheSize                    = 251658240                              {pd product} {ergonomic}
     bool SegmentedCodeCache                       = true                                      {product} {ergonomic}
   size_t SoftMaxHeapSize                          = 2120220672                             {manageable} {ergonomic}
     bool UseCompressedClassPointers               = true                                 {lp64_product} {ergonomic}
     bool UseCompressedOops                        = true                                 {lp64_product} {ergonomic}
     bool UseG1GC                                  = true                                      {product} {ergonomic}
     bool UseLargePagesIndividualAllocation        = false                                  {pd product} {ergonomic}

Logging:
Log output configuration:
 #0: stdout all=warning uptime,level,tags
 #1: stderr all=off uptime,level,tags

Environment Variables:
PATH=C:/Program Files/Java/jdk-13.0.2/bin/server;C:/Program Files/Java/jdk-13.0.2/bin;C:\Program Files (x86)\NVIDIA Corporation\PhysX\Common;C:\WINDOWS\system32;C:\WINDOWS;C:\WINDOWS\System32\Wbem;C:\WINDOWS\System32\WindowsPowerShell\v1.0\;C:\Program Files\Microsoft SQL Server\Client SDK\ODBC\110\Tools\Binn\;C:\Program Files (x86)\Microsoft SQL Server\120\Tools\Binn\;C:\Program Files\Microsoft SQL Server\120\Tools\Binn\;C:\Program Files\Microsoft SQL Server\120\DTS\Binn\;C:\Program Files (x86)\Windows Kits\8.1\Windows Performance Toolkit\;C:\Program Files\CMake\bin;C:\WINDOWS\System32\OpenSSH\;C:\Program Files\TortoiseSVN\bin;C:\Program Files\IVI Foundation\VISA\Win64\bin;C:\Program Files (x86)\IVI Foundation\VISA\WinNT\ktvisa;C:\Program Files (x86)\IVI Foundation\VISA\WinNT\Bin\;C:\Program Files\IVI Foundation\VISA\Win64\Bin\;C:\Program Files (x86)\IVI Foundation\VISA\winnt\agvisa;C:\Program Files\MATLAB\R2019a\runtime\win64;C:\Program Files\MATLAB\R2019a\bin;C:\Program Files (x86)\QuickTime\QTSystem\;C:\Users\Dawid Kazimierczak\AppData\Local\Microsoft\WindowsApps;C:\SFML-2.4.2\include;C:\SFML-2.4.2\lib;;C:\WINDOWS\system32;
USERNAME=Dawid Kazimierczak
OS=Windows_NT
PROCESSOR_IDENTIFIER=Intel64 Family 6 Model 60 Stepping 3, GenuineIntel



---------------  S Y S T E M  ---------------

OS: Windows 10 , 64 bit Build 18362 (10.0.18362.329)

CPU:total 8 (initial active 8) (4 cores per cpu, 2 threads per core) family 6 model 60 stepping 3, cmov, cx8, fxsr, mmx, sse, sse2, sse3, ssse3, sse4.1, sse4.2, popcnt, avx, avx2, aes, clmul, erms, lzcnt, ht, tsc, tscinvbit, bmi1, bmi2, fma

Memory: 4k page, system-wide physical 8081M (3571M free)
TotalPageFile size 9873M (AvailPageFile size 3497M)
current process WorkingSet (physical memory assigned to process): 347M, peak: 369M
current process commit charge ("private bytes"): 390M, peak: 413M

vm_info: Java HotSpot(TM) 64-Bit Server VM (13.0.2+8) for windows-amd64 JRE (13.0.2+8), built on Dec 11 2019 09:20:33 by "mach5one" with unknown MS VC++:1916

END.
